<?xml version="1.0" encoding="UTF-8"?>
<coverage generated="1624811846174" clover="3.2.0">
  <project timestamp="1624811846174" name="All files">
    <metrics statements="5" coveredstatements="4" conditionals="2" coveredconditionals="2" methods="2" coveredmethods="1" elements="9" coveredelements="7" complexity="0" loc="5" ncloc="5" packages="1" files="2" classes="2"/>
    <file name="getLevel.js" path="C:\Users\dinya\OneDrive\Рабочий стол\Netology\Ajs-homeworks\Unit-test\Mocking\src\js\getLevel.js">
      <metrics statements="4" coveredstatements="4" conditionals="2" coveredconditionals="2" methods="1" coveredmethods="1"/>
      <line num="4" count="3" type="stmt"/>
      <line num="7" count="3" type="cond" truecount="2" falsecount="0"/>
      <line num="8" count="1" type="stmt"/>
      <line num="11" count="2" type="stmt"/>
    </file>
    <file name="http.js" path="C:\Users\dinya\OneDrive\Рабочий стол\Netology\Ajs-homeworks\Unit-test\Mocking\src\js\http.js">
      <metrics statements="1" coveredstatements="0" conditionals="0" coveredconditionals="0" methods="1" coveredmethods="0"/>
      <line num="3" count="0" type="stmt"/>
    </file>
  </project>
</coverage>
