{"C:\\Users\\dinya\\OneDrive\\Рабочий стол\\Netology\\Ajs-homeworks\\Unit-test\\Mocking\\src\\js\\getLevel.js": {"path":"C:\\Users\\dinya\\OneDrive\\Рабочий стол\\Netology\\Ajs-homeworks\\Unit-test\\Mocking\\src\\js\\getLevel.js","statementMap":{"0":{"start":{"line":4,"column":19},"end":{"line":4,"column":61}},"1":{"start":{"line":7,"column":2},"end":{"line":9,"column":3}},"2":{"start":{"line":8,"column":4},"end":{"line":8,"column":52}},"3":{"start":{"line":11,"column":2},"end":{"line":11,"column":52}}},"fnMap":{"0":{"name":"getLevel","decl":{"start":{"line":3,"column":24},"end":{"line":3,"column":32}},"loc":{"start":{"line":3,"column":41},"end":{"line":12,"column":1}},"line":3}},"branchMap":{"0":{"loc":{"start":{"line":7,"column":2},"end":{"line":9,"column":3}},"type":"if","locations":[{"start":{"line":7,"column":2},"end":{"line":9,"column":3}},{"start":{"line":7,"column":2},"end":{"line":9,"column":3}}],"line":7}},"s":{"0":3,"1":3,"2":1,"3":2},"f":{"0":3},"b":{"0":[1,2]},"_coverageSchema":"1a1c01bbd47fc00a2c39e90264f33305004495a9","hash":"3e88605b0f9bd0bcacbcb021eef85bbaac9975b4"}
,"C:\\Users\\dinya\\OneDrive\\Рабочий стол\\Netology\\Ajs-homeworks\\Unit-test\\Mocking\\src\\js\\http.js": {"path":"C:\\Users\\dinya\\OneDrive\\Рабочий стол\\Netology\\Ajs-homeworks\\Unit-test\\Mocking\\src\\js\\http.js","statementMap":{"0":{"start":{"line":3,"column":2},"end":{"line":3,"column":32}}},"fnMap":{"0":{"name":"fetchData","decl":{"start":{"line":2,"column":24},"end":{"line":2,"column":33}},"loc":{"start":{"line":2,"column":39},"end":{"line":4,"column":1}},"line":2}},"branchMap":{},"s":{"0":0},"f":{"0":0},"b":{},"_coverageSchema":"1a1c01bbd47fc00a2c39e90264f33305004495a9","hash":"57c88bafcf3a6428e39905888bdb4ad649596da8"}
}
